0 info it worked if it ends with ok
1 verbose cli [ 'E:\\Program Files\\nodejs\\node.exe',
1 verbose cli   'C:\\Users\\Anton Savill\\AppData\\Roaming\\npm\\node_modules\\npm\\bin\\npm-cli.js',
1 verbose cli   'start' ]
2 info using npm@3.9.5
3 info using node@v4.4.3
4 verbose run-script [ 'prestart', 'start', 'poststart' ]
5 info lifecycle pyLaridae@1.0.0~prestart: pyLaridae@1.0.0
6 silly lifecycle pyLaridae@1.0.0~prestart: no script for prestart, continuing
7 info lifecycle pyLaridae@1.0.0~start: pyLaridae@1.0.0
8 verbose lifecycle pyLaridae@1.0.0~start: unsafe-perm in lifecycle true
9 verbose lifecycle pyLaridae@1.0.0~start: PATH: C:\Users\Anton Savill\AppData\Roaming\npm\node_modules\npm\bin\node-gyp-bin;C:\Users\Anton Savill\Desktop\Projects\pyLaridae\node_modules\.bin;E:\Program Files\nodejs;C:\Users\Anton Savill\.virtualenvs\pyLaridae-T3d3DZmj\Scripts;C:\tools\Cmder\bin;C:\tools\Cmder\vendor\bin;C:\tools\Cmder\vendor\conemu-maximus5\ConEmu\Scripts;C:\tools\Cmder\vendor\conemu-maximus5;C:\tools\Cmder\vendor\conemu-maximus5\ConEmu;C:\Python38\Scripts\;C:\Python38\;E:\Program Files (x86)\Python37\Scripts\;E:\Program Files (x86)\Python37\;C:\Program Files (x86)\Common Files\Oracle\Java\javapath;C:\ProgramData\Oracle\Java\javapath;E:\Program Files (x86)\Python\Lib\site-packages\PyQt4;C:\Program Files (x86)\Intel\iCLS Client\;C:\Program Files\Intel\iCLS Client\;C:\Windows\system32;C:\Windows;C:\Windows\System32\Wbem;C:\Windows\System32\WindowsPowerShell\v1.0\;C:\Program Files\Intel\Intel(R) Management Engine Components\DAL;C:\Program Files (x86)\Intel\Intel(R) Management Engine Components\DAL;C:\Program Files\Intel\Intel(R) Management Engine Components\IPT;C:\Program Files (x86)\Intel\Intel(R) Management Engine Components\IPT;E:\Program Files (x86)\Livestreamer;E:\Program Files (x86)\Git\cmd;E:\Program Files (x86)\git-cola\bin;C:\WINDOWS\system32;C:\WINDOWS;C:\WINDOWS\System32\Wbem;C:\WINDOWS\System32\WindowsPowerShell\v1.0\;C:\Users\Anton Savill\.dnx\bin;C:\Program Files\Microsoft DNX\Dnvm\;C:\Program Files (x86)\GtkSharp\2.12\bin;E:\Program Files\Calibre2\;C:\Program Files (x86)\OpenVPN\bin;E:\Program Files (x86)\GNU\GnuPG\pub;C:\cygwin64\bin\;E:\Program Files (x86)\LyX 2.1\Perl\bin;E:\Program Files (x86)\Heroku\bin;E:\Program Files\MongoDB\Server\3.2\bin;C:\Program Files\Microsoft\Web Platform Installer\;C:\Program Files (x86)\Microsoft SDKs\Azure\CLI\wbin;E:\Program Files\nodejs\;C:\Program Files\Java\jdk1.8.0_91\bin;C:\Program Files (x86)\Windows Live\Shared;C:\Program Files\Microsoft SQL Server\130\Tools\Binn\;C:\Users\Anton Savill\AppData\Roaming\Python\Python36\Scripts;C:\WINDOWS\System32\OpenSSH\;C:\Program Files (x86)\NVIDIA Corporation\PhysX\Common;C:\Program Files (x86)\ZeroTier\One\;C:\Program Files\NVIDIA Corporation\NVIDIA NvDLISR;C:\WINDOWS\system32;C:\WINDOWS;C:\WINDOWS\System32\Wbem;C:\WINDOWS\System32\WindowsPowerShell\v1.0\;C:\WINDOWS\System32\OpenSSH\;C:\ProgramData\chocolatey\bin;C:\Program Files (x86)\Windows Kits\8.1\Windows Performance Toolkit\;C:\Program Files\PostgreSQL\9.6\bin;C:\Users\Anton Savill\AppData\Local\atom\bin;C:\Users\Anton Savill\AppData\Roaming\npm;C:\Users\Anton Savill\AppData\Local\Microsoft\WindowsApps;C:\Program Files (x86)\Microsoft Visual Studio 14.0\VC\bin;C:\cygwin64\bin;C:\Program Files (x86)\kotlin\kotlinc\bin;C:\Users\Anton Savill\go\bin;E:\Users\Anton Savill\AppData\Local\Programs\MiKTeX 2.9\miktex\bin\x64;C:\Users\Anton Savill\AppData\Local\Microsoft\WindowsApps;C:\tools\Cmder;C:\tools\ffmpeg-4.2.2-win64-static\bin;C:\cygwin64\bin\usr\bin;C:\tools\Cmder\vendor\git-for-windows\cmd;C:\tools\Cmder\vendor\git-for-windows\mingw64\bin;C:\tools\Cmder\vendor\git-for-windows\usr\bin
10 verbose lifecycle pyLaridae@1.0.0~start: CWD: C:\Users\Anton Savill\Desktop\Projects\pyLaridae
11 silly lifecycle pyLaridae@1.0.0~start: Args: [ '/d /s /c', 'run-script-os' ]
12 silly lifecycle pyLaridae@1.0.0~start: Returned: code: 1  signal: null
13 info lifecycle pyLaridae@1.0.0~start: Failed to exec start script
14 verbose stack Error: pyLaridae@1.0.0 start: `run-script-os`
14 verbose stack Exit status 1
14 verbose stack     at EventEmitter.<anonymous> (C:\Users\Anton Savill\AppData\Roaming\npm\node_modules\npm\lib\utils\lifecycle.js:245:16)
14 verbose stack     at emitTwo (events.js:87:13)
14 verbose stack     at EventEmitter.emit (events.js:172:7)
14 verbose stack     at ChildProcess.<anonymous> (C:\Users\Anton Savill\AppData\Roaming\npm\node_modules\npm\lib\utils\spawn.js:24:14)
14 verbose stack     at emitTwo (events.js:87:13)
14 verbose stack     at ChildProcess.emit (events.js:172:7)
14 verbose stack     at maybeClose (internal/child_process.js:827:16)
14 verbose stack     at Process.ChildProcess._handle.onexit (internal/child_process.js:211:5)
15 verbose pkgid pyLaridae@1.0.0
16 verbose cwd C:\Users\Anton Savill\Desktop\Projects\pyLaridae
17 error Windows_NT 10.0.18363
18 error argv "E:\\Program Files\\nodejs\\node.exe" "C:\\Users\\Anton Savill\\AppData\\Roaming\\npm\\node_modules\\npm\\bin\\npm-cli.js" "start"
19 error node v4.4.3
20 error npm  v3.9.5
21 error code ELIFECYCLE
22 error pyLaridae@1.0.0 start: `run-script-os`
22 error Exit status 1
23 error Failed at the pyLaridae@1.0.0 start script 'run-script-os'.
23 error Make sure you have the latest version of node.js and npm installed.
23 error If you do, this is most likely a problem with the pyLaridae package,
23 error not with npm itself.
23 error Tell the author that this fails on your system:
23 error     run-script-os
23 error You can get information on how to open an issue for this project with:
23 error     npm bugs pyLaridae
23 error Or if that isn't available, you can get their info via:
23 error     npm owner ls pyLaridae
23 error There is likely additional logging output above.
24 verbose exit [ 1, true ]
